<?xml version="1.0" encoding="UTF-8"?>
<!-- Generated by org.testng.reporters.JUnitReportReporter -->
<testsuite skipped="0" hostname="LAPTOP-LEDDVJ5V" name="mavenAssignmt.Class1" tests="4" failures="0" timestamp="04 Jul 2022 14:17:33 GMT" time="11.503" errors="0">
  <testcase name="multiplication" time="2.767" classname="mavenAssignmt.Class1"/>
  <testcase name="division" time="2.658" classname="mavenAssignmt.Class1"/>
  <testcase name="addition" time="2.981" classname="mavenAssignmt.Class1"/>
  <testcase name="substraction" time="3.097" classname="mavenAssignmt.Class1"/>
</testsuite> <!-- mavenAssignmt.Class1 -->
