<?xml version="1.0" encoding="UTF-8"?>
<!-- Generated by org.testng.reporters.JUnitReportReporter -->
<testsuite skipped="0" hostname="LAPTOP-LEDDVJ5V" name="mavenAssignmt.Class2" tests="4" failures="0" timestamp="04 Jul 2022 13:35:58 GMT" time="11.427" errors="0">
  <testcase name="multiplication" time="2.726" classname="mavenAssignmt.Class2"/>
  <testcase name="division" time="2.658" classname="mavenAssignmt.Class2"/>
  <testcase name="addition" time="2.930" classname="mavenAssignmt.Class2"/>
  <testcase name="substraction" time="3.113" classname="mavenAssignmt.Class2"/>
</testsuite> <!-- mavenAssignmt.Class2 -->
