<?xml version="1.0" encoding="UTF-8"?>
<!-- Generated by org.testng.reporters.JUnitReportReporter -->
<testsuite skipped="0" hostname="LAPTOP-LEDDVJ5V" name="mavenAssignmt.Class1" tests="4" failures="0" timestamp="04 Jul 2022 16:16:50 GMT" time="11.297" errors="0">
  <testcase name="multiplication" time="2.733" classname="mavenAssignmt.Class1"/>
  <testcase name="division" time="2.617" classname="mavenAssignmt.Class1"/>
  <testcase name="addition" time="2.911" classname="mavenAssignmt.Class1"/>
  <testcase name="substraction" time="3.036" classname="mavenAssignmt.Class1"/>
</testsuite> <!-- mavenAssignmt.Class1 -->
