<?xml version="1.0" encoding="UTF-8"?>
<!-- Generated by org.testng.reporters.JUnitReportReporter -->
<testsuite skipped="0" hostname="LAPTOP-LEDDVJ5V" name="mavenAssignmt.Class1" tests="4" failures="0" timestamp="04 Jul 2022 15:44:00 GMT" time="11.364" errors="0">
  <testcase name="multiplication" time="2.720" classname="mavenAssignmt.Class1"/>
  <testcase name="division" time="2.620" classname="mavenAssignmt.Class1"/>
  <testcase name="addition" time="2.913" classname="mavenAssignmt.Class1"/>
  <testcase name="substraction" time="3.111" classname="mavenAssignmt.Class1"/>
</testsuite> <!-- mavenAssignmt.Class1 -->
