<?xml version="1.0" encoding="UTF-8"?>
<!-- Generated by org.testng.reporters.JUnitReportReporter -->
<testsuite skipped="0" hostname="LAPTOP-LEDDVJ5V" name="mavenAssignmt.class3" tests="4" failures="0" timestamp="28 Jun 2022 20:26:24 GMT" time="12.584" errors="0">
  <testcase name="multiplication" time="2.934" classname="mavenAssignmt.class3"/>
  <testcase name="division" time="2.695" classname="mavenAssignmt.class3"/>
  <testcase name="addition" time="3.376" classname="mavenAssignmt.class3"/>
  <testcase name="substraction" time="3.579" classname="mavenAssignmt.class3"/>
</testsuite> <!-- mavenAssignmt.class3 -->
