<?xml version="1.0" encoding="UTF-8"?>
<!-- Generated by org.testng.reporters.JUnitReportReporter -->
<testsuite skipped="0" hostname="LAPTOP-LEDDVJ5V" name="mavenAssignmt.Class2" tests="4" failures="0" timestamp="04 Jul 2022 16:41:09 GMT" time="11.417" errors="0">
  <testcase name="multiplication" time="2.801" classname="mavenAssignmt.Class2"/>
  <testcase name="division" time="2.705" classname="mavenAssignmt.Class2"/>
  <testcase name="addition" time="2.899" classname="mavenAssignmt.Class2"/>
  <testcase name="substraction" time="3.012" classname="mavenAssignmt.Class2"/>
</testsuite> <!-- mavenAssignmt.Class2 -->
