<?xml version="1.0" encoding="UTF-8"?>
<!-- Generated by org.testng.reporters.JUnitReportReporter -->
<testsuite skipped="0" hostname="LAPTOP-LEDDVJ5V" name="mavenAssignmt.Class2" tests="4" failures="0" timestamp="04 Jul 2022 16:14:59 GMT" time="11.550" errors="0">
  <testcase name="multiplication" time="2.779" classname="mavenAssignmt.Class2"/>
  <testcase name="division" time="2.625" classname="mavenAssignmt.Class2"/>
  <testcase name="addition" time="2.966" classname="mavenAssignmt.Class2"/>
  <testcase name="substraction" time="3.180" classname="mavenAssignmt.Class2"/>
</testsuite> <!-- mavenAssignmt.Class2 -->
